{"C:\\Users\\Ahmed\\Downloads\\ai-service\\ai-service\\node-service\\src\\middleware\\errorHandler.js": {"path":"C:\\Users\\Ahmed\\Downloads\\ai-service\\ai-service\\node-service\\src\\middleware\\errorHandler.js","statementMap":{"0":{"start":{"line":1,"column":28},"end":{"line":1,"column":58}},"1":{"start":{"line":9,"column":20},"end":{"line":9,"column":39}},"2":{"start":{"line":10,"column":17},"end":{"line":10,"column":27}},"3":{"start":{"line":13,"column":2},"end":{"line":18,"column":10}},"4":{"start":{"line":21,"column":2},"end":{"line":28,"column":3}},"5":{"start":{"line":22,"column":4},"end":{"line":27,"column":7}},"6":{"start":{"line":31,"column":2},"end":{"line":44,"column":3}},"7":{"start":{"line":32,"column":4},"end":{"line":36,"column":7}},"8":{"start":{"line":38,"column":4},"end":{"line":43,"column":7}},"9":{"start":{"line":47,"column":2},"end":{"line":60,"column":3}},"10":{"start":{"line":48,"column":4},"end":{"line":52,"column":7}},"11":{"start":{"line":54,"column":4},"end":{"line":59,"column":7}},"12":{"start":{"line":63,"column":2},"end":{"line":75,"column":3}},"13":{"start":{"line":64,"column":4},"end":{"line":67,"column":7}},"14":{"start":{"line":69,"column":4},"end":{"line":74,"column":7}},"15":{"start":{"line":78,"column":2},"end":{"line":85,"column":3}},"16":{"start":{"line":79,"column":4},"end":{"line":84,"column":7}},"17":{"start":{"line":87,"column":2},"end":{"line":93,"column":3}},"18":{"start":{"line":88,"column":4},"end":{"line":92,"column":7}},"19":{"start":{"line":96,"column":2},"end":{"line":102,"column":5}},"20":{"start":{"line":105,"column":0},"end":{"line":105,"column":30}}},"fnMap":{"0":{"name":"errorHandler","decl":{"start":{"line":8,"column":9},"end":{"line":8,"column":21}},"loc":{"start":{"line":8,"column":43},"end":{"line":103,"column":1}},"line":8}},"branchMap":{"0":{"loc":{"start":{"line":9,"column":20},"end":{"line":9,"column":39}},"type":"binary-expr","locations":[{"start":{"line":9,"column":20},"end":{"line":9,"column":26}},{"start":{"line":9,"column":30},"end":{"line":9,"column":39}}],"line":9},"1":{"loc":{"start":{"line":21,"column":2},"end":{"line":28,"column":3}},"type":"if","locations":[{"start":{"line":21,"column":2},"end":{"line":28,"column":3}},{"start":{},"end":{}}],"line":21},"2":{"loc":{"start":{"line":31,"column":2},"end":{"line":44,"column":3}},"type":"if","locations":[{"start":{"line":31,"column":2},"end":{"line":44,"column":3}},{"start":{},"end":{}}],"line":31},"3":{"loc":{"start":{"line":38,"column":22},"end":{"line":38,"column":48}},"type":"binary-expr","locations":[{"start":{"line":38,"column":22},"end":{"line":38,"column":41}},{"start":{"line":38,"column":45},"end":{"line":38,"column":48}}],"line":38},"4":{"loc":{"start":{"line":40,"column":13},"end":{"line":40,"column":66}},"type":"binary-expr","locations":[{"start":{"line":40,"column":13},"end":{"line":40,"column":38}},{"start":{"line":40,"column":42},"end":{"line":40,"column":66}}],"line":40},"5":{"loc":{"start":{"line":47,"column":2},"end":{"line":60,"column":3}},"type":"if","locations":[{"start":{"line":47,"column":2},"end":{"line":60,"column":3}},{"start":{},"end":{}}],"line":47},"6":{"loc":{"start":{"line":47,"column":6},"end":{"line":47,"column":61}},"type":"binary-expr","locations":[{"start":{"line":47,"column":6},"end":{"line":47,"column":33}},{"start":{"line":47,"column":37},"end":{"line":47,"column":61}}],"line":47},"7":{"loc":{"start":{"line":63,"column":2},"end":{"line":75,"column":3}},"type":"if","locations":[{"start":{"line":63,"column":2},"end":{"line":75,"column":3}},{"start":{},"end":{}}],"line":63},"8":{"loc":{"start":{"line":78,"column":2},"end":{"line":85,"column":3}},"type":"if","locations":[{"start":{"line":78,"column":2},"end":{"line":85,"column":3}},{"start":{},"end":{}}],"line":78},"9":{"loc":{"start":{"line":87,"column":2},"end":{"line":93,"column":3}},"type":"if","locations":[{"start":{"line":87,"column":2},"end":{"line":93,"column":3}},{"start":{},"end":{}}],"line":87},"10":{"loc":{"start":{"line":99,"column":13},"end":{"line":99,"column":30}},"type":"binary-expr","locations":[{"start":{"line":99,"column":13},"end":{"line":99,"column":24}},{"start":{"line":99,"column":28},"end":{"line":99,"column":30}}],"line":99},"11":{"loc":{"start":{"line":101,"column":8},"end":{"line":101,"column":70}},"type":"binary-expr","locations":[{"start":{"line":101,"column":8},"end":{"line":101,"column":46}},{"start":{"line":101,"column":50},"end":{"line":101,"column":70}}],"line":101}},"s":{"0":0,"1":0,"2":0,"3":0,"4":0,"5":0,"6":0,"7":0,"8":0,"9":0,"10":0,"11":0,"12":0,"13":0,"14":0,"15":0,"16":0,"17":0,"18":0,"19":0,"20":0},"f":{"0":0},"b":{"0":[0,0],"1":[0,0],"2":[0,0],"3":[0,0],"4":[0,0],"5":[0,0],"6":[0,0],"7":[0,0],"8":[0,0],"9":[0,0],"10":[0,0],"11":[0,0]}}
,"C:\\Users\\Ahmed\\Downloads\\ai-service\\ai-service\\node-service\\src\\routes\\chat.routes.js": {"path":"C:\\Users\\Ahmed\\Downloads\\ai-service\\ai-service\\node-service\\src\\routes\\chat.routes.js","statementMap":{"0":{"start":{"line":1,"column":16},"end":{"line":1,"column":34}},"1":{"start":{"line":2,"column":50},"end":{"line":2,"column":83}},"2":{"start":{"line":10,"column":4},"end":{"line":10,"column":34}},"3":{"start":{"line":12,"column":15},"end":{"line":12,"column":31}},"4":{"start":{"line":25,"column":0},"end":{"line":76,"column":3}},"5":{"start":{"line":26,"column":2},"end":{"line":75,"column":3}},"6":{"start":{"line":27,"column":56},"end":{"line":27,"column":64}},"7":{"start":{"line":30,"column":29},"end":{"line":30,"column":57}},"8":{"start":{"line":31,"column":29},"end":{"line":31,"column":57}},"9":{"start":{"line":34,"column":29},"end":{"line":34,"column":31}},"10":{"start":{"line":35,"column":4},"end":{"line":37,"column":5}},"11":{"start":{"line":36,"column":6},"end":{"line":36,"column":57}},"12":{"start":{"line":38,"column":4},"end":{"line":40,"column":5}},"13":{"start":{"line":39,"column":6},"end":{"line":39,"column":73}},"14":{"start":{"line":41,"column":4},"end":{"line":43,"column":5}},"15":{"start":{"line":42,"column":6},"end":{"line":42,"column":67}},"16":{"start":{"line":44,"column":4},"end":{"line":46,"column":5}},"17":{"start":{"line":45,"column":6},"end":{"line":45,"column":76}},"18":{"start":{"line":48,"column":4},"end":{"line":52,"column":7}},"19":{"start":{"line":55,"column":28},"end":{"line":55,"column":83}},"20":{"start":{"line":56,"column":24},"end":{"line":56,"column":65}},"21":{"start":{"line":58,"column":18},"end":{"line":58,"column":41}},"22":{"start":{"line":60,"column":4},"end":{"line":63,"column":7}},"23":{"start":{"line":65,"column":4},"end":{"line":72,"column":7}},"24":{"start":{"line":74,"column":4},"end":{"line":74,"column":14}},"25":{"start":{"line":89,"column":0},"end":{"line":159,"column":3}},"26":{"start":{"line":90,"column":2},"end":{"line":158,"column":3}},"27":{"start":{"line":91,"column":56},"end":{"line":91,"column":64}},"28":{"start":{"line":94,"column":29},"end":{"line":94,"column":57}},"29":{"start":{"line":95,"column":29},"end":{"line":95,"column":57}},"30":{"start":{"line":98,"column":29},"end":{"line":98,"column":31}},"31":{"start":{"line":99,"column":4},"end":{"line":101,"column":5}},"32":{"start":{"line":100,"column":6},"end":{"line":100,"column":73}},"33":{"start":{"line":102,"column":4},"end":{"line":104,"column":5}},"34":{"start":{"line":103,"column":6},"end":{"line":103,"column":67}},"35":{"start":{"line":105,"column":4},"end":{"line":107,"column":5}},"36":{"start":{"line":106,"column":6},"end":{"line":106,"column":76}},"37":{"start":{"line":109,"column":4},"end":{"line":111,"column":7}},"38":{"start":{"line":114,"column":4},"end":{"line":114,"column":55}},"39":{"start":{"line":115,"column":4},"end":{"line":115,"column":47}},"40":{"start":{"line":116,"column":4},"end":{"line":116,"column":46}},"41":{"start":{"line":117,"column":4},"end":{"line":117,"column":42}},"42":{"start":{"line":118,"column":4},"end":{"line":118,"column":23}},"43":{"start":{"line":120,"column":28},"end":{"line":120,"column":83}},"44":{"start":{"line":121,"column":24},"end":{"line":121,"column":65}},"45":{"start":{"line":123,"column":22},"end":{"line":123,"column":23}},"46":{"start":{"line":125,"column":4},"end":{"line":146,"column":5}},"47":{"start":{"line":126,"column":6},"end":{"line":129,"column":9}},"48":{"start":{"line":127,"column":8},"end":{"line":127,"column":22}},"49":{"start":{"line":128,"column":8},"end":{"line":128,"column":60}},"50":{"start":{"line":131,"column":6},"end":{"line":134,"column":9}},"51":{"start":{"line":136,"column":6},"end":{"line":136,"column":63}},"52":{"start":{"line":138,"column":6},"end":{"line":141,"column":14}},"53":{"start":{"line":143,"column":6},"end":{"line":143,"column":83}},"54":{"start":{"line":145,"column":6},"end":{"line":145,"column":16}},"55":{"start":{"line":148,"column":4},"end":{"line":150,"column":12}},"56":{"start":{"line":152,"column":4},"end":{"line":152,"column":54}},"57":{"start":{"line":153,"column":4},"end":{"line":157,"column":7}},"58":{"start":{"line":165,"column":0},"end":{"line":180,"column":3}},"59":{"start":{"line":166,"column":2},"end":{"line":179,"column":5}},"60":{"start":{"line":182,"column":0},"end":{"line":182,"column":24}}},"fnMap":{"0":{"name":"(anonymous_0)","decl":{"start":{"line":25,"column":17},"end":{"line":25,"column":18}},"loc":{"start":{"line":25,"column":37},"end":{"line":76,"column":1}},"line":25},"1":{"name":"(anonymous_1)","decl":{"start":{"line":89,"column":23},"end":{"line":89,"column":24}},"loc":{"start":{"line":89,"column":43},"end":{"line":159,"column":1}},"line":89},"2":{"name":"(anonymous_2)","decl":{"start":{"line":126,"column":36},"end":{"line":126,"column":37}},"loc":{"start":{"line":126,"column":47},"end":{"line":129,"column":7}},"line":126},"3":{"name":"(anonymous_3)","decl":{"start":{"line":165,"column":24},"end":{"line":165,"column":25}},"loc":{"start":{"line":165,"column":38},"end":{"line":180,"column":1}},"line":165}},"branchMap":{"0":{"loc":{"start":{"line":27,"column":21},"end":{"line":27,"column":33}},"type":"default-arg","locations":[{"start":{"line":27,"column":31},"end":{"line":27,"column":33}}],"line":27},"1":{"loc":{"start":{"line":27,"column":35},"end":{"line":27,"column":51}},"type":"default-arg","locations":[{"start":{"line":27,"column":49},"end":{"line":27,"column":51}}],"line":27},"2":{"loc":{"start":{"line":35,"column":4},"end":{"line":37,"column":5}},"type":"if","locations":[{"start":{"line":35,"column":4},"end":{"line":37,"column":5}},{"start":{},"end":{}}],"line":35},"3":{"loc":{"start":{"line":38,"column":4},"end":{"line":40,"column":5}},"type":"if","locations":[{"start":{"line":38,"column":4},"end":{"line":40,"column":5}},{"start":{},"end":{}}],"line":38},"4":{"loc":{"start":{"line":41,"column":4},"end":{"line":43,"column":5}},"type":"if","locations":[{"start":{"line":41,"column":4},"end":{"line":43,"column":5}},{"start":{},"end":{}}],"line":41},"5":{"loc":{"start":{"line":44,"column":4},"end":{"line":46,"column":5}},"type":"if","locations":[{"start":{"line":44,"column":4},"end":{"line":46,"column":5}},{"start":{},"end":{}}],"line":44},"6":{"loc":{"start":{"line":91,"column":21},"end":{"line":91,"column":33}},"type":"default-arg","locations":[{"start":{"line":91,"column":31},"end":{"line":91,"column":33}}],"line":91},"7":{"loc":{"start":{"line":91,"column":35},"end":{"line":91,"column":51}},"type":"default-arg","locations":[{"start":{"line":91,"column":49},"end":{"line":91,"column":51}}],"line":91},"8":{"loc":{"start":{"line":99,"column":4},"end":{"line":101,"column":5}},"type":"if","locations":[{"start":{"line":99,"column":4},"end":{"line":101,"column":5}},{"start":{},"end":{}}],"line":99},"9":{"loc":{"start":{"line":102,"column":4},"end":{"line":104,"column":5}},"type":"if","locations":[{"start":{"line":102,"column":4},"end":{"line":104,"column":5}},{"start":{},"end":{}}],"line":102},"10":{"loc":{"start":{"line":105,"column":4},"end":{"line":107,"column":5}},"type":"if","locations":[{"start":{"line":105,"column":4},"end":{"line":107,"column":5}},{"start":{},"end":{}}],"line":105}},"s":{"0":0,"1":0,"2":0,"3":0,"4":0,"5":0,"6":0,"7":0,"8":0,"9":0,"10":0,"11":0,"12":0,"13":0,"14":0,"15":0,"16":0,"17":0,"18":0,"19":0,"20":0,"21":0,"22":0,"23":0,"24":0,"25":0,"26":0,"27":0,"28":0,"29":0,"30":0,"31":0,"32":0,"33":0,"34":0,"35":0,"36":0,"37":0,"38":0,"39":0,"40":0,"41":0,"42":0,"43":0,"44":0,"45":0,"46":0,"47":0,"48":0,"49":0,"50":0,"51":0,"52":0,"53":0,"54":0,"55":0,"56":0,"57":0,"58":0,"59":0,"60":0},"f":{"0":0,"1":0,"2":0,"3":0},"b":{"0":[0],"1":[0],"2":[0,0],"3":[0,0],"4":[0,0],"5":[0,0],"6":[0],"7":[0],"8":[0,0],"9":[0,0],"10":[0,0]}}
,"C:\\Users\\Ahmed\\Downloads\\ai-service\\ai-service\\node-service\\src\\routes\\face.routes.js": {"path":"C:\\Users\\Ahmed\\Downloads\\ai-service\\ai-service\\node-service\\src\\routes\\face.routes.js","statementMap":{"0":{"start":{"line":1,"column":17},"end":{"line":1,"column":35}},"1":{"start":{"line":2,"column":17},"end":{"line":2,"column":34}},"2":{"start":{"line":3,"column":64},"end":{"line":3,"column":100}},"3":{"start":{"line":4,"column":31},"end":{"line":4,"column":74}},"4":{"start":{"line":11,"column":4},"end":{"line":11,"column":34}},"5":{"start":{"line":13,"column":16},"end":{"line":13,"column":32}},"6":{"start":{"line":14,"column":16},"end":{"line":23,"column":2}},"7":{"start":{"line":18,"column":4},"end":{"line":20,"column":5}},"8":{"start":{"line":19,"column":6},"end":{"line":19,"column":84}},"9":{"start":{"line":21,"column":4},"end":{"line":21,"column":19}},"10":{"start":{"line":37,"column":0},"end":{"line":100,"column":3}},"11":{"start":{"line":38,"column":2},"end":{"line":99,"column":3}},"12":{"start":{"line":40,"column":4},"end":{"line":40,"column":32}},"13":{"start":{"line":42,"column":4},"end":{"line":45,"column":7}},"14":{"start":{"line":48,"column":23},"end":{"line":48,"column":76}},"15":{"start":{"line":50,"column":4},"end":{"line":56,"column":5}},"16":{"start":{"line":51,"column":6},"end":{"line":55,"column":9}},"17":{"start":{"line":58,"column":71},"end":{"line":58,"column":86}},"18":{"start":{"line":61,"column":44},"end":{"line":61,"column":52}},"19":{"start":{"line":62,"column":26},"end":{"line":62,"column":30}},"20":{"start":{"line":64,"column":4},"end":{"line":77,"column":5}},"21":{"start":{"line":66,"column":32},"end":{"line":66,"column":58}},"22":{"start":{"line":67,"column":30},"end":{"line":67,"column":52}},"23":{"start":{"line":68,"column":33},"end":{"line":68,"column":61}},"24":{"start":{"line":70,"column":6},"end":{"line":76,"column":9}},"25":{"start":{"line":79,"column":4},"end":{"line":83,"column":7}},"26":{"start":{"line":85,"column":4},"end":{"line":96,"column":7}},"27":{"start":{"line":98,"column":4},"end":{"line":98,"column":14}},"28":{"start":{"line":106,"column":0},"end":{"line":117,"column":3}},"29":{"start":{"line":107,"column":2},"end":{"line":116,"column":3}},"30":{"start":{"line":108,"column":19},"end":{"line":108,"column":45}},"31":{"start":{"line":109,"column":4},"end":{"line":113,"column":7}},"32":{"start":{"line":115,"column":4},"end":{"line":115,"column":14}},"33":{"start":{"line":123,"column":0},"end":{"line":149,"column":3}},"34":{"start":{"line":124,"column":2},"end":{"line":148,"column":3}},"35":{"start":{"line":125,"column":19},"end":{"line":125,"column":45}},"36":{"start":{"line":126,"column":4},"end":{"line":133,"column":7}},"37":{"start":{"line":135,"column":4},"end":{"line":137,"column":12}},"38":{"start":{"line":139,"column":4},"end":{"line":147,"column":7}},"39":{"start":{"line":151,"column":0},"end":{"line":151,"column":24}}},"fnMap":{"0":{"name":"(anonymous_0)","decl":{"start":{"line":17,"column":14},"end":{"line":17,"column":15}},"loc":{"start":{"line":17,"column":33},"end":{"line":22,"column":3}},"line":17},"1":{"name":"(anonymous_1)","decl":{"start":{"line":37,"column":47},"end":{"line":37,"column":48}},"loc":{"start":{"line":37,"column":67},"end":{"line":100,"column":1}},"line":37},"2":{"name":"(anonymous_2)","decl":{"start":{"line":106,"column":22},"end":{"line":106,"column":23}},"loc":{"start":{"line":106,"column":42},"end":{"line":117,"column":1}},"line":106},"3":{"name":"(anonymous_3)","decl":{"start":{"line":123,"column":22},"end":{"line":123,"column":23}},"loc":{"start":{"line":123,"column":42},"end":{"line":149,"column":1}},"line":123}},"branchMap":{"0":{"loc":{"start":{"line":18,"column":4},"end":{"line":20,"column":5}},"type":"if","locations":[{"start":{"line":18,"column":4},"end":{"line":20,"column":5}},{"start":{},"end":{}}],"line":18},"1":{"loc":{"start":{"line":50,"column":4},"end":{"line":56,"column":5}},"type":"if","locations":[{"start":{"line":50,"column":4},"end":{"line":56,"column":5}},{"start":{},"end":{}}],"line":50},"2":{"loc":{"start":{"line":53,"column":15},"end":{"line":53,"column":58}},"type":"binary-expr","locations":[{"start":{"line":53,"column":15},"end":{"line":53,"column":32}},{"start":{"line":53,"column":36},"end":{"line":53,"column":58}}],"line":53},"3":{"loc":{"start":{"line":64,"column":4},"end":{"line":77,"column":5}},"type":"if","locations":[{"start":{"line":64,"column":4},"end":{"line":77,"column":5}},{"start":{},"end":{}}],"line":64},"4":{"loc":{"start":{"line":64,"column":8},"end":{"line":64,"column":39}},"type":"binary-expr","locations":[{"start":{"line":64,"column":8},"end":{"line":64,"column":16}},{"start":{"line":64,"column":20},"end":{"line":64,"column":26}},{"start":{"line":64,"column":30},"end":{"line":64,"column":39}}],"line":64},"5":{"loc":{"start":{"line":93,"column":25},"end":{"line":93,"column":38}},"type":"binary-expr","locations":[{"start":{"line":93,"column":25},"end":{"line":93,"column":29}},{"start":{"line":93,"column":33},"end":{"line":93,"column":38}}],"line":93}},"s":{"0":0,"1":0,"2":0,"3":0,"4":0,"5":0,"6":0,"7":0,"8":0,"9":0,"10":0,"11":0,"12":0,"13":0,"14":0,"15":0,"16":0,"17":0,"18":0,"19":0,"20":0,"21":0,"22":0,"23":0,"24":0,"25":0,"26":0,"27":0,"28":0,"29":0,"30":0,"31":0,"32":0,"33":0,"34":0,"35":0,"36":0,"37":0,"38":0,"39":0},"f":{"0":0,"1":0,"2":0,"3":0},"b":{"0":[0,0],"1":[0,0],"2":[0,0],"3":[0,0],"4":[0,0,0],"5":[0,0]}}
,"C:\\Users\\Ahmed\\Downloads\\ai-service\\ai-service\\node-service\\src\\routes\\recommendation.routes.js": {"path":"C:\\Users\\Ahmed\\Downloads\\ai-service\\ai-service\\node-service\\src\\routes\\recommendation.routes.js","statementMap":{"0":{"start":{"line":1,"column":16},"end":{"line":1,"column":34}},"1":{"start":{"line":6,"column":4},"end":{"line":6,"column":47}},"2":{"start":{"line":13,"column":4},"end":{"line":13,"column":34}},"3":{"start":{"line":15,"column":15},"end":{"line":15,"column":31}},"4":{"start":{"line":30,"column":0},"end":{"line":83,"column":3}},"5":{"start":{"line":31,"column":2},"end":{"line":82,"column":3}},"6":{"start":{"line":32,"column":62},"end":{"line":32,"column":70}},"7":{"start":{"line":35,"column":31},"end":{"line":35,"column":59}},"8":{"start":{"line":38,"column":30},"end":{"line":38,"column":56}},"9":{"start":{"line":39,"column":28},"end":{"line":39,"column":50}},"10":{"start":{"line":40,"column":31},"end":{"line":40,"column":59}},"11":{"start":{"line":43,"column":19},"end":{"line":43,"column":20}},"12":{"start":{"line":44,"column":4},"end":{"line":52,"column":5}},"13":{"start":{"line":45,"column":6},"end":{"line":50,"column":7}},"14":{"start":{"line":46,"column":8},"end":{"line":49,"column":10}},"15":{"start":{"line":51,"column":6},"end":{"line":51,"column":23}},"16":{"start":{"line":54,"column":28},"end":{"line":60,"column":6}},"17":{"start":{"line":62,"column":4},"end":{"line":66,"column":7}},"18":{"start":{"line":68,"column":4},"end":{"line":79,"column":7}},"19":{"start":{"line":81,"column":4},"end":{"line":81,"column":14}},"20":{"start":{"line":91,"column":0},"end":{"line":120,"column":3}},"21":{"start":{"line":92,"column":2},"end":{"line":119,"column":3}},"22":{"start":{"line":93,"column":44},"end":{"line":93,"column":53}},"23":{"start":{"line":96,"column":28},"end":{"line":96,"column":50}},"24":{"start":{"line":97,"column":31},"end":{"line":97,"column":78}},"25":{"start":{"line":98,"column":30},"end":{"line":98,"column":56}},"26":{"start":{"line":100,"column":23},"end":{"line":104,"column":6}},"27":{"start":{"line":106,"column":4},"end":{"line":109,"column":7}},"28":{"start":{"line":111,"column":4},"end":{"line":116,"column":7}},"29":{"start":{"line":118,"column":4},"end":{"line":118,"column":14}},"30":{"start":{"line":126,"column":0},"end":{"line":152,"column":3}},"31":{"start":{"line":127,"column":2},"end":{"line":151,"column":3}},"32":{"start":{"line":128,"column":19},"end":{"line":128,"column":29}},"33":{"start":{"line":130,"column":4},"end":{"line":132,"column":5}},"34":{"start":{"line":131,"column":6},"end":{"line":131,"column":62}},"35":{"start":{"line":134,"column":22},"end":{"line":134,"column":49}},"36":{"start":{"line":136,"column":4},"end":{"line":142,"column":5}},"37":{"start":{"line":137,"column":6},"end":{"line":141,"column":9}},"38":{"start":{"line":144,"column":4},"end":{"line":148,"column":7}},"39":{"start":{"line":150,"column":4},"end":{"line":150,"column":14}},"40":{"start":{"line":154,"column":0},"end":{"line":154,"column":24}}},"fnMap":{"0":{"name":"(anonymous_0)","decl":{"start":{"line":30,"column":17},"end":{"line":30,"column":18}},"loc":{"start":{"line":30,"column":31},"end":{"line":83,"column":1}},"line":30},"1":{"name":"(anonymous_1)","decl":{"start":{"line":91,"column":26},"end":{"line":91,"column":27}},"loc":{"start":{"line":91,"column":40},"end":{"line":120,"column":1}},"line":91},"2":{"name":"(anonymous_2)","decl":{"start":{"line":126,"column":30},"end":{"line":126,"column":31}},"loc":{"start":{"line":126,"column":44},"end":{"line":152,"column":1}},"line":126}},"branchMap":{"0":{"loc":{"start":{"line":44,"column":4},"end":{"line":52,"column":5}},"type":"if","locations":[{"start":{"line":44,"column":4},"end":{"line":52,"column":5}},{"start":{},"end":{}}],"line":44},"1":{"loc":{"start":{"line":45,"column":6},"end":{"line":50,"column":7}},"type":"if","locations":[{"start":{"line":45,"column":6},"end":{"line":50,"column":7}},{"start":{},"end":{}}],"line":45},"2":{"loc":{"start":{"line":45,"column":10},"end":{"line":45,"column":61}},"type":"binary-expr","locations":[{"start":{"line":45,"column":10},"end":{"line":45,"column":34}},{"start":{"line":45,"column":38},"end":{"line":45,"column":47}},{"start":{"line":45,"column":51},"end":{"line":45,"column":61}}],"line":45},"3":{"loc":{"start":{"line":97,"column":31},"end":{"line":97,"column":78}},"type":"cond-expr","locations":[{"start":{"line":97,"column":43},"end":{"line":97,"column":71}},{"start":{"line":97,"column":74},"end":{"line":97,"column":78}}],"line":97},"4":{"loc":{"start":{"line":130,"column":4},"end":{"line":132,"column":5}},"type":"if","locations":[{"start":{"line":130,"column":4},"end":{"line":132,"column":5}},{"start":{},"end":{}}],"line":130},"5":{"loc":{"start":{"line":130,"column":8},"end":{"line":130,"column":63}},"type":"binary-expr","locations":[{"start":{"line":130,"column":8},"end":{"line":130,"column":11}},{"start":{"line":130,"column":15},"end":{"line":130,"column":37}},{"start":{"line":130,"column":41},"end":{"line":130,"column":63}}],"line":130},"6":{"loc":{"start":{"line":136,"column":4},"end":{"line":142,"column":5}},"type":"if","locations":[{"start":{"line":136,"column":4},"end":{"line":142,"column":5}},{"start":{},"end":{}}],"line":136}},"s":{"0":0,"1":0,"2":0,"3":0,"4":0,"5":0,"6":0,"7":0,"8":0,"9":0,"10":0,"11":0,"12":0,"13":0,"14":0,"15":0,"16":0,"17":0,"18":0,"19":0,"20":0,"21":0,"22":0,"23":0,"24":0,"25":0,"26":0,"27":0,"28":0,"29":0,"30":0,"31":0,"32":0,"33":0,"34":0,"35":0,"36":0,"37":0,"38":0,"39":0,"40":0},"f":{"0":0,"1":0,"2":0},"b":{"0":[0,0],"1":[0,0],"2":[0,0,0],"3":[0,0],"4":[0,0],"5":[0,0,0],"6":[0,0]}}
,"C:\\Users\\Ahmed\\Downloads\\ai-service\\ai-service\\node-service\\src\\services\\hairstyleKnowledge.js": {"path":"C:\\Users\\Ahmed\\Downloads\\ai-service\\ai-service\\node-service\\src\\services\\hairstyleKnowledge.js","statementMap":{"0":{"start":{"line":7,"column":19},"end":{"line":201,"column":1}},"1":{"start":{"line":203,"column":0},"end":{"line":203,"column":28}}},"fnMap":{},"branchMap":{},"s":{"0":0,"1":0},"f":{},"b":{}}
,"C:\\Users\\Ahmed\\Downloads\\ai-service\\ai-service\\node-service\\src\\services\\ollamaChat.js": {"path":"C:\\Users\\Ahmed\\Downloads\\ai-service\\ai-service\\node-service\\src\\services\\ollamaChat.js","statementMap":{"0":{"start":{"line":1,"column":19},"end":{"line":1,"column":36}},"1":{"start":{"line":3,"column":15},"end":{"line":5,"column":2}},"2":{"start":{"line":7,"column":14},"end":{"line":7,"column":52}},"3":{"start":{"line":9,"column":22},"end":{"line":34,"column":122}},"4":{"start":{"line":42,"column":19},"end":{"line":49,"column":4}},"5":{"start":{"line":51,"column":2},"end":{"line":51,"column":34}},"6":{"start":{"line":60,"column":17},"end":{"line":67,"column":4}},"7":{"start":{"line":69,"column":21},"end":{"line":69,"column":23}},"8":{"start":{"line":70,"column":2},"end":{"line":74,"column":3}},"9":{"start":{"line":71,"column":17},"end":{"line":71,"column":45}},"10":{"start":{"line":72,"column":4},"end":{"line":72,"column":25}},"11":{"start":{"line":73,"column":4},"end":{"line":73,"column":18}},"12":{"start":{"line":75,"column":2},"end":{"line":75,"column":22}},"13":{"start":{"line":82,"column":19},"end":{"line":82,"column":21}},"14":{"start":{"line":84,"column":2},"end":{"line":99,"column":3}},"15":{"start":{"line":85,"column":55},"end":{"line":85,"column":66}},"16":{"start":{"line":86,"column":25},"end":{"line":86,"column":27}},"17":{"start":{"line":88,"column":4},"end":{"line":88,"column":66}},"18":{"start":{"line":88,"column":20},"end":{"line":88,"column":66}},"19":{"start":{"line":89,"column":4},"end":{"line":89,"column":64}},"20":{"start":{"line":89,"column":20},"end":{"line":89,"column":64}},"21":{"start":{"line":90,"column":4},"end":{"line":90,"column":59}},"22":{"start":{"line":90,"column":20},"end":{"line":90,"column":59}},"23":{"start":{"line":91,"column":4},"end":{"line":91,"column":65}},"24":{"start":{"line":91,"column":20},"end":{"line":91,"column":65}},"25":{"start":{"line":93,"column":4},"end":{"line":98,"column":5}},"26":{"start":{"line":94,"column":6},"end":{"line":97,"column":9}},"27":{"start":{"line":101,"column":2},"end":{"line":101,"column":56}},"28":{"start":{"line":102,"column":2},"end":{"line":102,"column":18}},"29":{"start":{"line":105,"column":0},"end":{"line":105,"column":59}}},"fnMap":{"0":{"name":"chat","decl":{"start":{"line":41,"column":15},"end":{"line":41,"column":19}},"loc":{"start":{"line":41,"column":30},"end":{"line":52,"column":1}},"line":41},"1":{"name":"chatStream","decl":{"start":{"line":59,"column":15},"end":{"line":59,"column":25}},"loc":{"start":{"line":59,"column":45},"end":{"line":76,"column":1}},"line":59},"2":{"name":"buildContextMessage","decl":{"start":{"line":81,"column":9},"end":{"line":81,"column":28}},"loc":{"start":{"line":81,"column":55},"end":{"line":103,"column":1}},"line":81}},"branchMap":{"0":{"loc":{"start":{"line":4,"column":8},"end":{"line":4,"column":56}},"type":"binary-expr","locations":[{"start":{"line":4,"column":8},"end":{"line":4,"column":31}},{"start":{"line":4,"column":35},"end":{"line":4,"column":56}}],"line":4},"1":{"loc":{"start":{"line":7,"column":14},"end":{"line":7,"column":52}},"type":"binary-expr","locations":[{"start":{"line":7,"column":14},"end":{"line":7,"column":38}},{"start":{"line":7,"column":42},"end":{"line":7,"column":52}}],"line":7},"2":{"loc":{"start":{"line":71,"column":17},"end":{"line":71,"column":45}},"type":"binary-expr","locations":[{"start":{"line":71,"column":17},"end":{"line":71,"column":39}},{"start":{"line":71,"column":43},"end":{"line":71,"column":45}}],"line":71},"3":{"loc":{"start":{"line":84,"column":2},"end":{"line":99,"column":3}},"type":"if","locations":[{"start":{"line":84,"column":2},"end":{"line":99,"column":3}},{"start":{},"end":{}}],"line":84},"4":{"loc":{"start":{"line":84,"column":6},"end":{"line":84,"column":56}},"type":"binary-expr","locations":[{"start":{"line":84,"column":6},"end":{"line":84,"column":17}},{"start":{"line":84,"column":21},"end":{"line":84,"column":56}}],"line":84},"5":{"loc":{"start":{"line":88,"column":4},"end":{"line":88,"column":66}},"type":"if","locations":[{"start":{"line":88,"column":4},"end":{"line":88,"column":66}},{"start":{},"end":{}}],"line":88},"6":{"loc":{"start":{"line":89,"column":4},"end":{"line":89,"column":64}},"type":"if","locations":[{"start":{"line":89,"column":4},"end":{"line":89,"column":64}},{"start":{},"end":{}}],"line":89},"7":{"loc":{"start":{"line":90,"column":4},"end":{"line":90,"column":59}},"type":"if","locations":[{"start":{"line":90,"column":4},"end":{"line":90,"column":59}},{"start":{},"end":{}}],"line":90},"8":{"loc":{"start":{"line":91,"column":4},"end":{"line":91,"column":65}},"type":"if","locations":[{"start":{"line":91,"column":4},"end":{"line":91,"column":65}},{"start":{},"end":{}}],"line":91},"9":{"loc":{"start":{"line":93,"column":4},"end":{"line":98,"column":5}},"type":"if","locations":[{"start":{"line":93,"column":4},"end":{"line":98,"column":5}},{"start":{},"end":{}}],"line":93}},"s":{"0":0,"1":0,"2":0,"3":0,"4":0,"5":0,"6":0,"7":0,"8":0,"9":0,"10":0,"11":0,"12":0,"13":0,"14":0,"15":0,"16":0,"17":0,"18":0,"19":0,"20":0,"21":0,"22":0,"23":0,"24":0,"25":0,"26":0,"27":0,"28":0,"29":0},"f":{"0":0,"1":0,"2":0},"b":{"0":[0,0],"1":[0,0],"2":[0,0],"3":[0,0],"4":[0,0],"5":[0,0],"6":[0,0],"7":[0,0],"8":[0,0],"9":[0,0]}}
,"C:\\Users\\Ahmed\\Downloads\\ai-service\\ai-service\\node-service\\src\\services\\recommendationEngine.js": {"path":"C:\\Users\\Ahmed\\Downloads\\ai-service\\ai-service\\node-service\\src\\services\\recommendationEngine.js","statementMap":{"0":{"start":{"line":1,"column":19},"end":{"line":1,"column":50}},"1":{"start":{"line":8,"column":14},"end":{"line":8,"column":15}},"2":{"start":{"line":11,"column":2},"end":{"line":20,"column":3}},"3":{"start":{"line":12,"column":4},"end":{"line":12,"column":16}},"4":{"start":{"line":15,"column":27},"end":{"line":15,"column":55}},"5":{"start":{"line":16,"column":24},"end":{"line":18,"column":5}},"6":{"start":{"line":17,"column":6},"end":{"line":17,"column":32}},"7":{"start":{"line":19,"column":4},"end":{"line":19,"column":33}},"8":{"start":{"line":19,"column":21},"end":{"line":19,"column":33}},"9":{"start":{"line":23,"column":2},"end":{"line":25,"column":3}},"10":{"start":{"line":24,"column":4},"end":{"line":24,"column":16}},"11":{"start":{"line":28,"column":2},"end":{"line":30,"column":3}},"12":{"start":{"line":29,"column":4},"end":{"line":29,"column":16}},"13":{"start":{"line":33,"column":2},"end":{"line":35,"column":3}},"14":{"start":{"line":34,"column":4},"end":{"line":34,"column":16}},"15":{"start":{"line":37,"column":2},"end":{"line":37,"column":15}},"16":{"start":{"line":44,"column":20},"end":{"line":51,"column":3}},"17":{"start":{"line":52,"column":2},"end":{"line":52,"column":32}},"18":{"start":{"line":60,"column":2},"end":{"line":62,"column":3}},"19":{"start":{"line":61,"column":4},"end":{"line":61,"column":45}},"20":{"start":{"line":64,"column":17},"end":{"line":70,"column":20}},"21":{"start":{"line":64,"column":44},"end":{"line":67,"column":3}},"22":{"start":{"line":68,"column":19},"end":{"line":68,"column":30}},"23":{"start":{"line":69,"column":20},"end":{"line":69,"column":37}},"24":{"start":{"line":73,"column":2},"end":{"line":84,"column":3}},"25":{"start":{"line":74,"column":18},"end":{"line":74,"column":50}},"26":{"start":{"line":74,"column":44},"end":{"line":74,"column":48}},"27":{"start":{"line":75,"column":18},"end":{"line":79,"column":37}},"28":{"start":{"line":77,"column":8},"end":{"line":78,"column":48}},"29":{"start":{"line":81,"column":4},"end":{"line":83,"column":6}},"30":{"start":{"line":82,"column":6},"end":{"line":82,"column":38}},"31":{"start":{"line":86,"column":2},"end":{"line":90,"column":6}},"32":{"start":{"line":86,"column":46},"end":{"line":90,"column":3}},"33":{"start":{"line":97,"column":2},"end":{"line":97,"column":53}},"34":{"start":{"line":97,"column":32},"end":{"line":97,"column":43}},"35":{"start":{"line":104,"column":2},"end":{"line":109,"column":5}},"36":{"start":{"line":105,"column":4},"end":{"line":105,"column":85}},"37":{"start":{"line":105,"column":72},"end":{"line":105,"column":85}},"38":{"start":{"line":106,"column":4},"end":{"line":106,"column":85}},"39":{"start":{"line":106,"column":72},"end":{"line":106,"column":85}},"40":{"start":{"line":107,"column":4},"end":{"line":107,"column":85}},"41":{"start":{"line":107,"column":72},"end":{"line":107,"column":85}},"42":{"start":{"line":108,"column":4},"end":{"line":108,"column":16}},"43":{"start":{"line":112,"column":0},"end":{"line":112,"column":76}}},"fnMap":{"0":{"name":"scoreHairstyle","decl":{"start":{"line":7,"column":9},"end":{"line":7,"column":23}},"loc":{"start":{"line":7,"column":79},"end":{"line":38,"column":1}},"line":7},"1":{"name":"(anonymous_1)","decl":{"start":{"line":16,"column":58},"end":{"line":16,"column":59}},"loc":{"start":{"line":17,"column":6},"end":{"line":17,"column":32}},"line":17},"2":{"name":"getAdjacentShapes","decl":{"start":{"line":43,"column":9},"end":{"line":43,"column":26}},"loc":{"start":{"line":43,"column":34},"end":{"line":53,"column":1}},"line":43},"3":{"name":"getRecommendations","decl":{"start":{"line":59,"column":9},"end":{"line":59,"column":27}},"loc":{"start":{"line":59,"column":83},"end":{"line":91,"column":1}},"line":59},"4":{"name":"(anonymous_4)","decl":{"start":{"line":64,"column":32},"end":{"line":64,"column":33}},"loc":{"start":{"line":64,"column":44},"end":{"line":67,"column":3}},"line":64},"5":{"name":"(anonymous_5)","decl":{"start":{"line":68,"column":12},"end":{"line":68,"column":13}},"loc":{"start":{"line":68,"column":19},"end":{"line":68,"column":30}},"line":68},"6":{"name":"(anonymous_6)","decl":{"start":{"line":69,"column":10},"end":{"line":69,"column":11}},"loc":{"start":{"line":69,"column":20},"end":{"line":69,"column":37}},"line":69},"7":{"name":"(anonymous_7)","decl":{"start":{"line":74,"column":37},"end":{"line":74,"column":38}},"loc":{"start":{"line":74,"column":44},"end":{"line":74,"column":48}},"line":74},"8":{"name":"(anonymous_8)","decl":{"start":{"line":76,"column":6},"end":{"line":76,"column":7}},"loc":{"start":{"line":77,"column":8},"end":{"line":78,"column":48}},"line":77},"9":{"name":"(anonymous_9)","decl":{"start":{"line":81,"column":18},"end":{"line":81,"column":19}},"loc":{"start":{"line":82,"column":6},"end":{"line":82,"column":38}},"line":82},"10":{"name":"(anonymous_10)","decl":{"start":{"line":86,"column":20},"end":{"line":86,"column":21}},"loc":{"start":{"line":86,"column":46},"end":{"line":90,"column":3}},"line":86},"11":{"name":"getHairstyleById","decl":{"start":{"line":96,"column":9},"end":{"line":96,"column":25}},"loc":{"start":{"line":96,"column":30},"end":{"line":98,"column":1}},"line":96},"12":{"name":"(anonymous_12)","decl":{"start":{"line":97,"column":25},"end":{"line":97,"column":26}},"loc":{"start":{"line":97,"column":32},"end":{"line":97,"column":43}},"line":97},"13":{"name":"getAllHairstyles","decl":{"start":{"line":103,"column":9},"end":{"line":103,"column":25}},"loc":{"start":{"line":103,"column":64},"end":{"line":110,"column":1}},"line":103},"14":{"name":"(anonymous_14)","decl":{"start":{"line":104,"column":27},"end":{"line":104,"column":28}},"loc":{"start":{"line":104,"column":34},"end":{"line":109,"column":3}},"line":104}},"branchMap":{"0":{"loc":{"start":{"line":11,"column":2},"end":{"line":20,"column":3}},"type":"if","locations":[{"start":{"line":11,"column":2},"end":{"line":20,"column":3}},{"start":{"line":13,"column":9},"end":{"line":20,"column":3}}],"line":11},"1":{"loc":{"start":{"line":19,"column":4},"end":{"line":19,"column":33}},"type":"if","locations":[{"start":{"line":19,"column":4},"end":{"line":19,"column":33}},{"start":{},"end":{}}],"line":19},"2":{"loc":{"start":{"line":23,"column":2},"end":{"line":25,"column":3}},"type":"if","locations":[{"start":{"line":23,"column":2},"end":{"line":25,"column":3}},{"start":{},"end":{}}],"line":23},"3":{"loc":{"start":{"line":23,"column":6},"end":{"line":23,"column":56}},"type":"binary-expr","locations":[{"start":{"line":23,"column":6},"end":{"line":23,"column":14}},{"start":{"line":23,"column":18},"end":{"line":23,"column":56}}],"line":23},"4":{"loc":{"start":{"line":28,"column":2},"end":{"line":30,"column":3}},"type":"if","locations":[{"start":{"line":28,"column":2},"end":{"line":30,"column":3}},{"start":{},"end":{}}],"line":28},"5":{"loc":{"start":{"line":28,"column":6},"end":{"line":28,"column":63}},"type":"binary-expr","locations":[{"start":{"line":28,"column":6},"end":{"line":28,"column":12}},{"start":{"line":28,"column":16},"end":{"line":28,"column":63}}],"line":28},"6":{"loc":{"start":{"line":33,"column":2},"end":{"line":35,"column":3}},"type":"if","locations":[{"start":{"line":33,"column":2},"end":{"line":35,"column":3}},{"start":{},"end":{}}],"line":33},"7":{"loc":{"start":{"line":33,"column":6},"end":{"line":33,"column":59}},"type":"binary-expr","locations":[{"start":{"line":33,"column":6},"end":{"line":33,"column":15}},{"start":{"line":33,"column":19},"end":{"line":33,"column":59}}],"line":33},"8":{"loc":{"start":{"line":52,"column":9},"end":{"line":52,"column":31}},"type":"binary-expr","locations":[{"start":{"line":52,"column":9},"end":{"line":52,"column":25}},{"start":{"line":52,"column":29},"end":{"line":52,"column":31}}],"line":52},"9":{"loc":{"start":{"line":59,"column":70},"end":{"line":59,"column":79}},"type":"default-arg","locations":[{"start":{"line":59,"column":78},"end":{"line":59,"column":79}}],"line":59},"10":{"loc":{"start":{"line":60,"column":2},"end":{"line":62,"column":3}},"type":"if","locations":[{"start":{"line":60,"column":2},"end":{"line":62,"column":3}},{"start":{},"end":{}}],"line":60},"11":{"loc":{"start":{"line":73,"column":2},"end":{"line":84,"column":3}},"type":"if","locations":[{"start":{"line":73,"column":2},"end":{"line":84,"column":3}},{"start":{},"end":{}}],"line":73},"12":{"loc":{"start":{"line":77,"column":8},"end":{"line":78,"column":48}},"type":"binary-expr","locations":[{"start":{"line":77,"column":8},"end":{"line":77,"column":22}},{"start":{"line":78,"column":8},"end":{"line":78,"column":48}}],"line":77},"13":{"loc":{"start":{"line":97,"column":9},"end":{"line":97,"column":52}},"type":"binary-expr","locations":[{"start":{"line":97,"column":9},"end":{"line":97,"column":44}},{"start":{"line":97,"column":48},"end":{"line":97,"column":52}}],"line":97},"14":{"loc":{"start":{"line":103,"column":26},"end":{"line":103,"column":62}},"type":"default-arg","locations":[{"start":{"line":103,"column":60},"end":{"line":103,"column":62}}],"line":103},"15":{"loc":{"start":{"line":105,"column":4},"end":{"line":105,"column":85}},"type":"if","locations":[{"start":{"line":105,"column":4},"end":{"line":105,"column":85}},{"start":{},"end":{}}],"line":105},"16":{"loc":{"start":{"line":105,"column":8},"end":{"line":105,"column":61}},"type":"binary-expr","locations":[{"start":{"line":105,"column":8},"end":{"line":105,"column":14}},{"start":{"line":105,"column":21},"end":{"line":105,"column":61}}],"line":105},"17":{"loc":{"start":{"line":106,"column":4},"end":{"line":106,"column":85}},"type":"if","locations":[{"start":{"line":106,"column":4},"end":{"line":106,"column":85}},{"start":{},"end":{}}],"line":106},"18":{"loc":{"start":{"line":106,"column":8},"end":{"line":106,"column":62}},"type":"binary-expr","locations":[{"start":{"line":106,"column":8},"end":{"line":106,"column":17}},{"start":{"line":106,"column":21},"end":{"line":106,"column":62}}],"line":106},"19":{"loc":{"start":{"line":107,"column":4},"end":{"line":107,"column":85}},"type":"if","locations":[{"start":{"line":107,"column":4},"end":{"line":107,"column":85}},{"start":{},"end":{}}],"line":107},"20":{"loc":{"start":{"line":107,"column":8},"end":{"line":107,"column":52}},"type":"binary-expr","locations":[{"start":{"line":107,"column":8},"end":{"line":107,"column":16}},{"start":{"line":107,"column":21},"end":{"line":107,"column":52}}],"line":107}},"s":{"0":0,"1":0,"2":0,"3":0,"4":0,"5":0,"6":0,"7":0,"8":0,"9":0,"10":0,"11":0,"12":0,"13":0,"14":0,"15":0,"16":0,"17":0,"18":0,"19":0,"20":0,"21":0,"22":0,"23":0,"24":0,"25":0,"26":0,"27":0,"28":0,"29":0,"30":0,"31":0,"32":0,"33":0,"34":0,"35":0,"36":0,"37":0,"38":0,"39":0,"40":0,"41":0,"42":0,"43":0},"f":{"0":0,"1":0,"2":0,"3":0,"4":0,"5":0,"6":0,"7":0,"8":0,"9":0,"10":0,"11":0,"12":0,"13":0,"14":0},"b":{"0":[0,0],"1":[0,0],"2":[0,0],"3":[0,0],"4":[0,0],"5":[0,0],"6":[0,0],"7":[0,0],"8":[0,0],"9":[0],"10":[0,0],"11":[0,0],"12":[0,0],"13":[0,0],"14":[0],"15":[0,0],"16":[0,0],"17":[0,0],"18":[0,0],"19":[0,0],"20":[0,0]}}
,"C:\\Users\\Ahmed\\Downloads\\ai-service\\ai-service\\node-service\\src\\services\\sidecarClient.js": {"path":"C:\\Users\\Ahmed\\Downloads\\ai-service\\ai-service\\node-service\\src\\services\\sidecarClient.js","statementMap":{"0":{"start":{"line":1,"column":19},"end":{"line":1,"column":35}},"1":{"start":{"line":2,"column":19},"end":{"line":2,"column":39}},"2":{"start":{"line":4,"column":20},"end":{"line":4,"column":82}},"3":{"start":{"line":13,"column":15},"end":{"line":13,"column":29}},"4":{"start":{"line":14,"column":2},"end":{"line":17,"column":5}},"5":{"start":{"line":19,"column":19},"end":{"line":22,"column":4}},"6":{"start":{"line":24,"column":2},"end":{"line":24,"column":23}},"7":{"start":{"line":31,"column":19},"end":{"line":31,"column":78}},"8":{"start":{"line":32,"column":2},"end":{"line":32,"column":23}},"9":{"start":{"line":39,"column":19},"end":{"line":39,"column":83}},"10":{"start":{"line":40,"column":2},"end":{"line":40,"column":23}},"11":{"start":{"line":43,"column":0},"end":{"line":43,"column":73}}},"fnMap":{"0":{"name":"analyzeFace","decl":{"start":{"line":12,"column":15},"end":{"line":12,"column":26}},"loc":{"start":{"line":12,"column":65},"end":{"line":25,"column":1}},"line":12},"1":{"name":"checkSidecarHealth","decl":{"start":{"line":30,"column":15},"end":{"line":30,"column":33}},"loc":{"start":{"line":30,"column":36},"end":{"line":33,"column":1}},"line":30},"2":{"name":"getSupportedShapes","decl":{"start":{"line":38,"column":15},"end":{"line":38,"column":33}},"loc":{"start":{"line":38,"column":36},"end":{"line":41,"column":1}},"line":38}},"branchMap":{"0":{"loc":{"start":{"line":4,"column":20},"end":{"line":4,"column":82}},"type":"binary-expr","locations":[{"start":{"line":4,"column":20},"end":{"line":4,"column":50}},{"start":{"line":4,"column":54},"end":{"line":4,"column":82}}],"line":4},"1":{"loc":{"start":{"line":12,"column":40},"end":{"line":12,"column":63}},"type":"default-arg","locations":[{"start":{"line":12,"column":51},"end":{"line":12,"column":63}}],"line":12}},"s":{"0":0,"1":0,"2":0,"3":0,"4":0,"5":0,"6":0,"7":0,"8":0,"9":0,"10":0,"11":0},"f":{"0":0,"1":0,"2":0},"b":{"0":[0,0],"1":[0]}}
,"C:\\Users\\Ahmed\\Downloads\\ai-service\\ai-service\\node-service\\src\\utils\\config.js": {"path":"C:\\Users\\Ahmed\\Downloads\\ai-service\\ai-service\\node-service\\src\\utils\\config.js","statementMap":{"0":{"start":{"line":6,"column":15},"end":{"line":6,"column":41}},"1":{"start":{"line":9,"column":17},"end":{"line":17,"column":3}},"2":{"start":{"line":20,"column":17},"end":{"line":20,"column":19}},"3":{"start":{"line":22,"column":2},"end":{"line":24,"column":3}},"4":{"start":{"line":23,"column":4},"end":{"line":23,"column":71}},"5":{"start":{"line":26,"column":2},"end":{"line":30,"column":3}},"6":{"start":{"line":27,"column":4},"end":{"line":29,"column":6}},"7":{"start":{"line":32,"column":2},"end":{"line":36,"column":3}},"8":{"start":{"line":33,"column":4},"end":{"line":35,"column":6}},"9":{"start":{"line":38,"column":2},"end":{"line":42,"column":3}},"10":{"start":{"line":39,"column":4},"end":{"line":41,"column":6}},"11":{"start":{"line":44,"column":2},"end":{"line":49,"column":3}},"12":{"start":{"line":45,"column":4},"end":{"line":47,"column":7}},"13":{"start":{"line":48,"column":4},"end":{"line":48,"column":68}},"14":{"start":{"line":51,"column":2},"end":{"line":56,"column":5}},"15":{"start":{"line":58,"column":2},"end":{"line":58,"column":16}},"16":{"start":{"line":61,"column":0},"end":{"line":61,"column":32}}},"fnMap":{"0":{"name":"validateConfig","decl":{"start":{"line":8,"column":9},"end":{"line":8,"column":23}},"loc":{"start":{"line":8,"column":26},"end":{"line":59,"column":1}},"line":8}},"branchMap":{"0":{"loc":{"start":{"line":10,"column":19},"end":{"line":10,"column":45}},"type":"binary-expr","locations":[{"start":{"line":10,"column":19},"end":{"line":10,"column":35}},{"start":{"line":10,"column":39},"end":{"line":10,"column":45}}],"line":10},"1":{"loc":{"start":{"line":11,"column":13},"end":{"line":11,"column":50}},"type":"binary-expr","locations":[{"start":{"line":11,"column":13},"end":{"line":11,"column":33}},{"start":{"line":11,"column":37},"end":{"line":11,"column":50}}],"line":11},"2":{"loc":{"start":{"line":12,"column":22},"end":{"line":12,"column":79}},"type":"binary-expr","locations":[{"start":{"line":12,"column":22},"end":{"line":12,"column":52}},{"start":{"line":12,"column":56},"end":{"line":12,"column":79}}],"line":12},"3":{"loc":{"start":{"line":13,"column":16},"end":{"line":13,"column":67}},"type":"binary-expr","locations":[{"start":{"line":13,"column":16},"end":{"line":13,"column":39}},{"start":{"line":13,"column":43},"end":{"line":13,"column":67}}],"line":13},"4":{"loc":{"start":{"line":14,"column":17},"end":{"line":14,"column":55}},"type":"binary-expr","locations":[{"start":{"line":14,"column":17},"end":{"line":14,"column":41}},{"start":{"line":14,"column":45},"end":{"line":14,"column":55}}],"line":14},"5":{"loc":{"start":{"line":15,"column":14},"end":{"line":15,"column":45}},"type":"binary-expr","locations":[{"start":{"line":15,"column":14},"end":{"line":15,"column":35}},{"start":{"line":15,"column":39},"end":{"line":15,"column":45}}],"line":15},"6":{"loc":{"start":{"line":16,"column":29},"end":{"line":16,"column":67}},"type":"binary-expr","locations":[{"start":{"line":16,"column":29},"end":{"line":16,"column":56}},{"start":{"line":16,"column":60},"end":{"line":16,"column":67}}],"line":16},"7":{"loc":{"start":{"line":22,"column":2},"end":{"line":24,"column":3}},"type":"if","locations":[{"start":{"line":22,"column":2},"end":{"line":24,"column":3}},{"start":{},"end":{}}],"line":22},"8":{"loc":{"start":{"line":22,"column":6},"end":{"line":22,"column":78}},"type":"binary-expr","locations":[{"start":{"line":22,"column":6},"end":{"line":22,"column":36}},{"start":{"line":22,"column":40},"end":{"line":22,"column":55}},{"start":{"line":22,"column":59},"end":{"line":22,"column":78}}],"line":22},"9":{"loc":{"start":{"line":26,"column":2},"end":{"line":30,"column":3}},"type":"if","locations":[{"start":{"line":26,"column":2},"end":{"line":30,"column":3}},{"start":{},"end":{}}],"line":26},"10":{"loc":{"start":{"line":32,"column":2},"end":{"line":36,"column":3}},"type":"if","locations":[{"start":{"line":32,"column":2},"end":{"line":36,"column":3}},{"start":{},"end":{}}],"line":32},"11":{"loc":{"start":{"line":38,"column":2},"end":{"line":42,"column":3}},"type":"if","locations":[{"start":{"line":38,"column":2},"end":{"line":42,"column":3}},{"start":{},"end":{}}],"line":38},"12":{"loc":{"start":{"line":44,"column":2},"end":{"line":49,"column":3}},"type":"if","locations":[{"start":{"line":44,"column":2},"end":{"line":49,"column":3}},{"start":{},"end":{}}],"line":44}},"s":{"0":0,"1":0,"2":0,"3":0,"4":0,"5":0,"6":0,"7":0,"8":0,"9":0,"10":0,"11":0,"12":0,"13":0,"14":0,"15":0,"16":0},"f":{"0":0},"b":{"0":[0,0],"1":[0,0],"2":[0,0],"3":[0,0],"4":[0,0],"5":[0,0],"6":[0,0],"7":[0,0],"8":[0,0,0],"9":[0,0],"10":[0,0],"11":[0,0],"12":[0,0]}}
,"C:\\Users\\Ahmed\\Downloads\\ai-service\\ai-service\\node-service\\src\\utils\\logger.js": {"path":"C:\\Users\\Ahmed\\Downloads\\ai-service\\ai-service\\node-service\\src\\utils\\logger.js","statementMap":{"0":{"start":{"line":1,"column":15},"end":{"line":1,"column":32}},"1":{"start":{"line":8,"column":19},"end":{"line":13,"column":1}},"2":{"start":{"line":17,"column":4},"end":{"line":17,"column":35}},"3":{"start":{"line":18,"column":4},"end":{"line":18,"column":61}},"4":{"start":{"line":22,"column":4},"end":{"line":28,"column":7}},"5":{"start":{"line":32,"column":4},"end":{"line":34,"column":5}},"6":{"start":{"line":33,"column":6},"end":{"line":33,"column":59}},"7":{"start":{"line":38,"column":4},"end":{"line":40,"column":5}},"8":{"start":{"line":39,"column":6},"end":{"line":39,"column":58}},"9":{"start":{"line":44,"column":4},"end":{"line":46,"column":5}},"10":{"start":{"line":45,"column":6},"end":{"line":45,"column":59}},"11":{"start":{"line":50,"column":4},"end":{"line":57,"column":5}},"12":{"start":{"line":51,"column":27},"end":{"line":51,"column":41}},"13":{"start":{"line":52,"column":6},"end":{"line":55,"column":7}},"14":{"start":{"line":53,"column":8},"end":{"line":53,"column":55}},"15":{"start":{"line":54,"column":8},"end":{"line":54,"column":51}},"16":{"start":{"line":56,"column":6},"end":{"line":56,"column":66}},"17":{"start":{"line":61,"column":15},"end":{"line":61,"column":27}},"18":{"start":{"line":68,"column":20},"end":{"line":68,"column":70}},"19":{"start":{"line":69,"column":2},"end":{"line":69,"column":21}},"20":{"start":{"line":70,"column":2},"end":{"line":70,"column":22}},"21":{"start":{"line":72,"column":16},"end":{"line":72,"column":26}},"22":{"start":{"line":74,"column":2},"end":{"line":79,"column":5}},"23":{"start":{"line":82,"column":2},"end":{"line":91,"column":5}},"24":{"start":{"line":83,"column":21},"end":{"line":83,"column":39}},"25":{"start":{"line":84,"column":4},"end":{"line":90,"column":7}},"26":{"start":{"line":93,"column":2},"end":{"line":93,"column":9}},"27":{"start":{"line":96,"column":0},"end":{"line":96,"column":62}}},"fnMap":{"0":{"name":"(anonymous_0)","decl":{"start":{"line":16,"column":2},"end":{"line":16,"column":3}},"loc":{"start":{"line":16,"column":42},"end":{"line":19,"column":3}},"line":16},"1":{"name":"(anonymous_1)","decl":{"start":{"line":21,"column":2},"end":{"line":21,"column":3}},"loc":{"start":{"line":21,"column":40},"end":{"line":29,"column":3}},"line":21},"2":{"name":"(anonymous_2)","decl":{"start":{"line":31,"column":2},"end":{"line":31,"column":3}},"loc":{"start":{"line":31,"column":31},"end":{"line":35,"column":3}},"line":31},"3":{"name":"(anonymous_3)","decl":{"start":{"line":37,"column":2},"end":{"line":37,"column":3}},"loc":{"start":{"line":37,"column":30},"end":{"line":41,"column":3}},"line":37},"4":{"name":"(anonymous_4)","decl":{"start":{"line":43,"column":2},"end":{"line":43,"column":3}},"loc":{"start":{"line":43,"column":30},"end":{"line":47,"column":3}},"line":43},"5":{"name":"(anonymous_5)","decl":{"start":{"line":49,"column":2},"end":{"line":49,"column":3}},"loc":{"start":{"line":49,"column":49},"end":{"line":58,"column":3}},"line":49},"6":{"name":"requestLoggingMiddleware","decl":{"start":{"line":66,"column":9},"end":{"line":66,"column":33}},"loc":{"start":{"line":66,"column":50},"end":{"line":94,"column":1}},"line":66},"7":{"name":"(anonymous_7)","decl":{"start":{"line":82,"column":19},"end":{"line":82,"column":20}},"loc":{"start":{"line":82,"column":25},"end":{"line":91,"column":3}},"line":82}},"branchMap":{"0":{"loc":{"start":{"line":16,"column":14},"end":{"line":16,"column":40}},"type":"default-arg","locations":[{"start":{"line":16,"column":28},"end":{"line":16,"column":40}}],"line":16},"1":{"loc":{"start":{"line":18,"column":28},"end":{"line":18,"column":59}},"type":"binary-expr","locations":[{"start":{"line":18,"column":28},"end":{"line":18,"column":49}},{"start":{"line":18,"column":53},"end":{"line":18,"column":59}}],"line":18},"2":{"loc":{"start":{"line":21,"column":26},"end":{"line":21,"column":38}},"type":"default-arg","locations":[{"start":{"line":21,"column":36},"end":{"line":21,"column":38}}],"line":21},"3":{"loc":{"start":{"line":31,"column":17},"end":{"line":31,"column":29}},"type":"default-arg","locations":[{"start":{"line":31,"column":27},"end":{"line":31,"column":29}}],"line":31},"4":{"loc":{"start":{"line":32,"column":4},"end":{"line":34,"column":5}},"type":"if","locations":[{"start":{"line":32,"column":4},"end":{"line":34,"column":5}},{"start":{},"end":{}}],"line":32},"5":{"loc":{"start":{"line":37,"column":16},"end":{"line":37,"column":28}},"type":"default-arg","locations":[{"start":{"line":37,"column":26},"end":{"line":37,"column":28}}],"line":37},"6":{"loc":{"start":{"line":38,"column":4},"end":{"line":40,"column":5}},"type":"if","locations":[{"start":{"line":38,"column":4},"end":{"line":40,"column":5}},{"start":{},"end":{}}],"line":38},"7":{"loc":{"start":{"line":43,"column":16},"end":{"line":43,"column":28}},"type":"default-arg","locations":[{"start":{"line":43,"column":26},"end":{"line":43,"column":28}}],"line":43},"8":{"loc":{"start":{"line":44,"column":4},"end":{"line":46,"column":5}},"type":"if","locations":[{"start":{"line":44,"column":4},"end":{"line":46,"column":5}},{"start":{},"end":{}}],"line":44},"9":{"loc":{"start":{"line":49,"column":17},"end":{"line":49,"column":29}},"type":"default-arg","locations":[{"start":{"line":49,"column":27},"end":{"line":49,"column":29}}],"line":49},"10":{"loc":{"start":{"line":49,"column":31},"end":{"line":49,"column":47}},"type":"default-arg","locations":[{"start":{"line":49,"column":43},"end":{"line":49,"column":47}}],"line":49},"11":{"loc":{"start":{"line":50,"column":4},"end":{"line":57,"column":5}},"type":"if","locations":[{"start":{"line":50,"column":4},"end":{"line":57,"column":5}},{"start":{},"end":{}}],"line":50},"12":{"loc":{"start":{"line":52,"column":6},"end":{"line":55,"column":7}},"type":"if","locations":[{"start":{"line":52,"column":6},"end":{"line":55,"column":7}},{"start":{},"end":{}}],"line":52},"13":{"loc":{"start":{"line":68,"column":20},"end":{"line":68,"column":70}},"type":"binary-expr","locations":[{"start":{"line":68,"column":20},"end":{"line":68,"column":47}},{"start":{"line":68,"column":51},"end":{"line":68,"column":70}}],"line":68}},"s":{"0":0,"1":0,"2":0,"3":0,"4":0,"5":0,"6":0,"7":0,"8":0,"9":0,"10":0,"11":0,"12":0,"13":0,"14":0,"15":0,"16":0,"17":0,"18":0,"19":0,"20":0,"21":0,"22":0,"23":0,"24":0,"25":0,"26":0,"27":0},"f":{"0":0,"1":0,"2":0,"3":0,"4":0,"5":0,"6":0,"7":0},"b":{"0":[0],"1":[0,0],"2":[0],"3":[0],"4":[0,0],"5":[0],"6":[0,0],"7":[0],"8":[0,0],"9":[0],"10":[0],"11":[0,0],"12":[0,0],"13":[0,0]}}
,"C:\\Users\\Ahmed\\Downloads\\ai-service\\ai-service\\node-service\\src\\utils\\validation.js": {"path":"C:\\Users\\Ahmed\\Downloads\\ai-service\\ai-service\\node-service\\src\\utils\\validation.js","statementMap":{"0":{"start":{"line":6,"column":26},"end":{"line":6,"column":83}},"1":{"start":{"line":7,"column":25},"end":{"line":7,"column":63}},"2":{"start":{"line":8,"column":22},"end":{"line":8,"column":40}},"3":{"start":{"line":9,"column":25},"end":{"line":9,"column":61}},"4":{"start":{"line":10,"column":26},"end":{"line":10,"column":67}},"5":{"start":{"line":14,"column":4},"end":{"line":14,"column":19}},"6":{"start":{"line":15,"column":4},"end":{"line":15,"column":34}},"7":{"start":{"line":16,"column":4},"end":{"line":16,"column":23}},"8":{"start":{"line":24,"column":2},"end":{"line":29,"column":3}},"9":{"start":{"line":25,"column":4},"end":{"line":28,"column":6}},"10":{"start":{"line":31,"column":2},"end":{"line":36,"column":3}},"11":{"start":{"line":32,"column":4},"end":{"line":35,"column":6}},"12":{"start":{"line":38,"column":2},"end":{"line":38,"column":15}},"13":{"start":{"line":45,"column":2},"end":{"line":45,"column":25}},"14":{"start":{"line":45,"column":13},"end":{"line":45,"column":25}},"15":{"start":{"line":47,"column":2},"end":{"line":49,"column":3}},"16":{"start":{"line":48,"column":4},"end":{"line":48,"column":71}},"17":{"start":{"line":51,"column":2},"end":{"line":56,"column":3}},"18":{"start":{"line":52,"column":4},"end":{"line":55,"column":6}},"19":{"start":{"line":58,"column":2},"end":{"line":58,"column":14}},"20":{"start":{"line":65,"column":2},"end":{"line":65,"column":27}},"21":{"start":{"line":65,"column":15},"end":{"line":65,"column":27}},"22":{"start":{"line":67,"column":2},"end":{"line":69,"column":3}},"23":{"start":{"line":68,"column":4},"end":{"line":68,"column":67}},"24":{"start":{"line":71,"column":21},"end":{"line":71,"column":41}},"25":{"start":{"line":72,"column":2},"end":{"line":77,"column":3}},"26":{"start":{"line":73,"column":4},"end":{"line":76,"column":6}},"27":{"start":{"line":79,"column":2},"end":{"line":79,"column":20}},"28":{"start":{"line":86,"column":2},"end":{"line":86,"column":30}},"29":{"start":{"line":86,"column":18},"end":{"line":86,"column":30}},"30":{"start":{"line":88,"column":2},"end":{"line":90,"column":3}},"31":{"start":{"line":89,"column":4},"end":{"line":89,"column":73}},"32":{"start":{"line":92,"column":2},"end":{"line":97,"column":3}},"33":{"start":{"line":93,"column":4},"end":{"line":96,"column":6}},"34":{"start":{"line":99,"column":2},"end":{"line":99,"column":19}},"35":{"start":{"line":106,"column":2},"end":{"line":108,"column":3}},"36":{"start":{"line":107,"column":4},"end":{"line":107,"column":64}},"37":{"start":{"line":110,"column":2},"end":{"line":115,"column":3}},"38":{"start":{"line":111,"column":4},"end":{"line":114,"column":6}},"39":{"start":{"line":117,"column":2},"end":{"line":119,"column":3}},"40":{"start":{"line":118,"column":4},"end":{"line":118,"column":70}},"41":{"start":{"line":121,"column":2},"end":{"line":121,"column":14}},"42":{"start":{"line":128,"column":2},"end":{"line":130,"column":3}},"43":{"start":{"line":129,"column":4},"end":{"line":129,"column":85}},"44":{"start":{"line":132,"column":18},"end":{"line":132,"column":32}},"45":{"start":{"line":133,"column":2},"end":{"line":135,"column":3}},"46":{"start":{"line":134,"column":4},"end":{"line":134,"column":68}},"47":{"start":{"line":137,"column":2},"end":{"line":139,"column":3}},"48":{"start":{"line":138,"column":4},"end":{"line":138,"column":82}},"49":{"start":{"line":141,"column":2},"end":{"line":141,"column":17}},"50":{"start":{"line":148,"column":2},"end":{"line":148,"column":26}},"51":{"start":{"line":148,"column":16},"end":{"line":148,"column":26}},"52":{"start":{"line":150,"column":2},"end":{"line":152,"column":3}},"53":{"start":{"line":151,"column":4},"end":{"line":151,"column":69}},"54":{"start":{"line":154,"column":2},"end":{"line":156,"column":3}},"55":{"start":{"line":155,"column":4},"end":{"line":155,"column":78}},"56":{"start":{"line":158,"column":2},"end":{"line":165,"column":5}},"57":{"start":{"line":159,"column":4},"end":{"line":164,"column":5}},"58":{"start":{"line":160,"column":6},"end":{"line":163,"column":8}},"59":{"start":{"line":167,"column":2},"end":{"line":167,"column":17}},"60":{"start":{"line":170,"column":0},"end":{"line":183,"column":2}}},"fnMap":{"0":{"name":"(anonymous_0)","decl":{"start":{"line":13,"column":2},"end":{"line":13,"column":3}},"loc":{"start":{"line":13,"column":37},"end":{"line":17,"column":3}},"line":13},"1":{"name":"validateFaceShape","decl":{"start":{"line":23,"column":9},"end":{"line":23,"column":26}},"loc":{"start":{"line":23,"column":34},"end":{"line":39,"column":1}},"line":23},"2":{"name":"validateHairType","decl":{"start":{"line":44,"column":9},"end":{"line":44,"column":25}},"loc":{"start":{"line":44,"column":32},"end":{"line":59,"column":1}},"line":44},"3":{"name":"validateGender","decl":{"start":{"line":64,"column":9},"end":{"line":64,"column":23}},"loc":{"start":{"line":64,"column":32},"end":{"line":80,"column":1}},"line":64},"4":{"name":"validateLifestyle","decl":{"start":{"line":85,"column":9},"end":{"line":85,"column":26}},"loc":{"start":{"line":85,"column":38},"end":{"line":100,"column":1}},"line":85},"5":{"name":"validateImageFile","decl":{"start":{"line":105,"column":9},"end":{"line":105,"column":26}},"loc":{"start":{"line":105,"column":33},"end":{"line":122,"column":1}},"line":105},"6":{"name":"validateChatMessage","decl":{"start":{"line":127,"column":9},"end":{"line":127,"column":28}},"loc":{"start":{"line":127,"column":38},"end":{"line":142,"column":1}},"line":127},"7":{"name":"validateChatHistory","decl":{"start":{"line":147,"column":9},"end":{"line":147,"column":28}},"loc":{"start":{"line":147,"column":38},"end":{"line":168,"column":1}},"line":147},"8":{"name":"(anonymous_8)","decl":{"start":{"line":158,"column":18},"end":{"line":158,"column":19}},"loc":{"start":{"line":158,"column":32},"end":{"line":165,"column":3}},"line":158}},"branchMap":{"0":{"loc":{"start":{"line":13,"column":23},"end":{"line":13,"column":35}},"type":"default-arg","locations":[{"start":{"line":13,"column":31},"end":{"line":13,"column":35}}],"line":13},"1":{"loc":{"start":{"line":24,"column":2},"end":{"line":29,"column":3}},"type":"if","locations":[{"start":{"line":24,"column":2},"end":{"line":29,"column":3}},{"start":{},"end":{}}],"line":24},"2":{"loc":{"start":{"line":24,"column":6},"end":{"line":24,"column":41}},"type":"binary-expr","locations":[{"start":{"line":24,"column":6},"end":{"line":24,"column":12}},{"start":{"line":24,"column":16},"end":{"line":24,"column":41}}],"line":24},"3":{"loc":{"start":{"line":31,"column":2},"end":{"line":36,"column":3}},"type":"if","locations":[{"start":{"line":31,"column":2},"end":{"line":36,"column":3}},{"start":{},"end":{}}],"line":31},"4":{"loc":{"start":{"line":45,"column":2},"end":{"line":45,"column":25}},"type":"if","locations":[{"start":{"line":45,"column":2},"end":{"line":45,"column":25}},{"start":{},"end":{}}],"line":45},"5":{"loc":{"start":{"line":47,"column":2},"end":{"line":49,"column":3}},"type":"if","locations":[{"start":{"line":47,"column":2},"end":{"line":49,"column":3}},{"start":{},"end":{}}],"line":47},"6":{"loc":{"start":{"line":51,"column":2},"end":{"line":56,"column":3}},"type":"if","locations":[{"start":{"line":51,"column":2},"end":{"line":56,"column":3}},{"start":{},"end":{}}],"line":51},"7":{"loc":{"start":{"line":65,"column":2},"end":{"line":65,"column":27}},"type":"if","locations":[{"start":{"line":65,"column":2},"end":{"line":65,"column":27}},{"start":{},"end":{}}],"line":65},"8":{"loc":{"start":{"line":67,"column":2},"end":{"line":69,"column":3}},"type":"if","locations":[{"start":{"line":67,"column":2},"end":{"line":69,"column":3}},{"start":{},"end":{}}],"line":67},"9":{"loc":{"start":{"line":72,"column":2},"end":{"line":77,"column":3}},"type":"if","locations":[{"start":{"line":72,"column":2},"end":{"line":77,"column":3}},{"start":{},"end":{}}],"line":72},"10":{"loc":{"start":{"line":86,"column":2},"end":{"line":86,"column":30}},"type":"if","locations":[{"start":{"line":86,"column":2},"end":{"line":86,"column":30}},{"start":{},"end":{}}],"line":86},"11":{"loc":{"start":{"line":88,"column":2},"end":{"line":90,"column":3}},"type":"if","locations":[{"start":{"line":88,"column":2},"end":{"line":90,"column":3}},{"start":{},"end":{}}],"line":88},"12":{"loc":{"start":{"line":92,"column":2},"end":{"line":97,"column":3}},"type":"if","locations":[{"start":{"line":92,"column":2},"end":{"line":97,"column":3}},{"start":{},"end":{}}],"line":92},"13":{"loc":{"start":{"line":106,"column":2},"end":{"line":108,"column":3}},"type":"if","locations":[{"start":{"line":106,"column":2},"end":{"line":108,"column":3}},{"start":{},"end":{}}],"line":106},"14":{"loc":{"start":{"line":110,"column":2},"end":{"line":115,"column":3}},"type":"if","locations":[{"start":{"line":110,"column":2},"end":{"line":115,"column":3}},{"start":{},"end":{}}],"line":110},"15":{"loc":{"start":{"line":117,"column":2},"end":{"line":119,"column":3}},"type":"if","locations":[{"start":{"line":117,"column":2},"end":{"line":119,"column":3}},{"start":{},"end":{}}],"line":117},"16":{"loc":{"start":{"line":128,"column":2},"end":{"line":130,"column":3}},"type":"if","locations":[{"start":{"line":128,"column":2},"end":{"line":130,"column":3}},{"start":{},"end":{}}],"line":128},"17":{"loc":{"start":{"line":128,"column":6},"end":{"line":128,"column":45}},"type":"binary-expr","locations":[{"start":{"line":128,"column":6},"end":{"line":128,"column":14}},{"start":{"line":128,"column":18},"end":{"line":128,"column":45}}],"line":128},"18":{"loc":{"start":{"line":133,"column":2},"end":{"line":135,"column":3}},"type":"if","locations":[{"start":{"line":133,"column":2},"end":{"line":135,"column":3}},{"start":{},"end":{}}],"line":133},"19":{"loc":{"start":{"line":137,"column":2},"end":{"line":139,"column":3}},"type":"if","locations":[{"start":{"line":137,"column":2},"end":{"line":139,"column":3}},{"start":{},"end":{}}],"line":137},"20":{"loc":{"start":{"line":148,"column":2},"end":{"line":148,"column":26}},"type":"if","locations":[{"start":{"line":148,"column":2},"end":{"line":148,"column":26}},{"start":{},"end":{}}],"line":148},"21":{"loc":{"start":{"line":150,"column":2},"end":{"line":152,"column":3}},"type":"if","locations":[{"start":{"line":150,"column":2},"end":{"line":152,"column":3}},{"start":{},"end":{}}],"line":150},"22":{"loc":{"start":{"line":154,"column":2},"end":{"line":156,"column":3}},"type":"if","locations":[{"start":{"line":154,"column":2},"end":{"line":156,"column":3}},{"start":{},"end":{}}],"line":154},"23":{"loc":{"start":{"line":159,"column":4},"end":{"line":164,"column":5}},"type":"if","locations":[{"start":{"line":159,"column":4},"end":{"line":164,"column":5}},{"start":{},"end":{}}],"line":159},"24":{"loc":{"start":{"line":159,"column":8},"end":{"line":159,"column":33}},"type":"binary-expr","locations":[{"start":{"line":159,"column":8},"end":{"line":159,"column":17}},{"start":{"line":159,"column":21},"end":{"line":159,"column":33}}],"line":159}},"s":{"0":1,"1":1,"2":1,"3":1,"4":1,"5":12,"6":12,"7":12,"8":4,"9":2,"10":2,"11":2,"12":0,"13":6,"14":2,"15":4,"16":0,"17":4,"18":1,"19":3,"20":5,"21":0,"22":5,"23":0,"24":5,"25":5,"26":1,"27":4,"28":0,"29":0,"30":0,"31":0,"32":0,"33":0,"34":0,"35":3,"36":0,"37":3,"38":1,"39":2,"40":1,"41":1,"42":6,"43":2,"44":4,"45":4,"46":1,"47":3,"48":1,"49":2,"50":0,"51":0,"52":0,"53":0,"54":0,"55":0,"56":0,"57":0,"58":0,"59":0,"60":1},"f":{"0":12,"1":4,"2":6,"3":5,"4":0,"5":3,"6":6,"7":0,"8":0},"b":{"0":[0],"1":[2,2],"2":[4,2],"3":[2,0],"4":[2,4],"5":[0,4],"6":[1,3],"7":[0,5],"8":[0,5],"9":[1,4],"10":[0,0],"11":[0,0],"12":[0,0],"13":[0,3],"14":[1,2],"15":[1,1],"16":[2,4],"17":[6,4],"18":[1,3],"19":[1,2],"20":[0,0],"21":[0,0],"22":[0,0],"23":[0,0],"24":[0,0]},"_coverageSchema":"1a1c01bbd47fc00a2c39e90264f33305004495a9","hash":"1539da4c4cc5786f86525a82275355addc5b67a9"}
}
