TN:
SF:src\middleware\errorHandler.js
FN:8,errorHandler
FNF:1
FNH:0
FNDA:0,errorHandler
DA:1,0
DA:9,0
DA:10,0
DA:13,0
DA:21,0
DA:22,0
DA:31,0
DA:32,0
DA:38,0
DA:47,0
DA:48,0
DA:54,0
DA:63,0
DA:64,0
DA:69,0
DA:78,0
DA:79,0
DA:87,0
DA:88,0
DA:96,0
DA:105,0
LF:21
LH:0
BRDA:9,0,0,0
BRDA:9,0,1,0
BRDA:21,1,0,0
BRDA:21,1,1,0
BRDA:31,2,0,0
BRDA:31,2,1,0
BRDA:38,3,0,0
BRDA:38,3,1,0
BRDA:40,4,0,0
BRDA:40,4,1,0
BRDA:47,5,0,0
BRDA:47,5,1,0
BRDA:47,6,0,0
BRDA:47,6,1,0
BRDA:63,7,0,0
BRDA:63,7,1,0
BRDA:78,8,0,0
BRDA:78,8,1,0
BRDA:87,9,0,0
BRDA:87,9,1,0
BRDA:99,10,0,0
BRDA:99,10,1,0
BRDA:101,11,0,0
BRDA:101,11,1,0
BRF:24
BRH:0
end_of_record
TN:
SF:src\routes\chat.routes.js
FN:25,(anonymous_0)
FN:89,(anonymous_1)
FN:126,(anonymous_2)
FN:165,(anonymous_3)
FNF:4
FNH:0
FNDA:0,(anonymous_0)
FNDA:0,(anonymous_1)
FNDA:0,(anonymous_2)
FNDA:0,(anonymous_3)
DA:1,0
DA:2,0
DA:10,0
DA:12,0
DA:25,0
DA:26,0
DA:27,0
DA:30,0
DA:31,0
DA:34,0
DA:35,0
DA:36,0
DA:38,0
DA:39,0
DA:41,0
DA:42,0
DA:44,0
DA:45,0
DA:48,0
DA:55,0
DA:56,0
DA:58,0
DA:60,0
DA:65,0
DA:74,0
DA:89,0
DA:90,0
DA:91,0
DA:94,0
DA:95,0
DA:98,0
DA:99,0
DA:100,0
DA:102,0
DA:103,0
DA:105,0
DA:106,0
DA:109,0
DA:114,0
DA:115,0
DA:116,0
DA:117,0
DA:118,0
DA:120,0
DA:121,0
DA:123,0
DA:125,0
DA:126,0
DA:127,0
DA:128,0
DA:131,0
DA:136,0
DA:138,0
DA:143,0
DA:145,0
DA:148,0
DA:152,0
DA:153,0
DA:165,0
DA:166,0
DA:182,0
LF:61
LH:0
BRDA:27,0,0,0
BRDA:27,1,0,0
BRDA:35,2,0,0
BRDA:35,2,1,0
BRDA:38,3,0,0
BRDA:38,3,1,0
BRDA:41,4,0,0
BRDA:41,4,1,0
BRDA:44,5,0,0
BRDA:44,5,1,0
BRDA:91,6,0,0
BRDA:91,7,0,0
BRDA:99,8,0,0
BRDA:99,8,1,0
BRDA:102,9,0,0
BRDA:102,9,1,0
BRDA:105,10,0,0
BRDA:105,10,1,0
BRF:18
BRH:0
end_of_record
TN:
SF:src\routes\face.routes.js
FN:17,(anonymous_0)
FN:37,(anonymous_1)
FN:106,(anonymous_2)
FN:123,(anonymous_3)
FNF:4
FNH:0
FNDA:0,(anonymous_0)
FNDA:0,(anonymous_1)
FNDA:0,(anonymous_2)
FNDA:0,(anonymous_3)
DA:1,0
DA:2,0
DA:3,0
DA:4,0
DA:11,0
DA:13,0
DA:14,0
DA:18,0
DA:19,0
DA:21,0
DA:37,0
DA:38,0
DA:40,0
DA:42,0
DA:48,0
DA:50,0
DA:51,0
DA:58,0
DA:61,0
DA:62,0
DA:64,0
DA:66,0
DA:67,0
DA:68,0
DA:70,0
DA:79,0
DA:85,0
DA:98,0
DA:106,0
DA:107,0
DA:108,0
DA:109,0
DA:115,0
DA:123,0
DA:124,0
DA:125,0
DA:126,0
DA:135,0
DA:139,0
DA:151,0
LF:40
LH:0
BRDA:18,0,0,0
BRDA:18,0,1,0
BRDA:50,1,0,0
BRDA:50,1,1,0
BRDA:53,2,0,0
BRDA:53,2,1,0
BRDA:64,3,0,0
BRDA:64,3,1,0
BRDA:64,4,0,0
BRDA:64,4,1,0
BRDA:64,4,2,0
BRDA:93,5,0,0
BRDA:93,5,1,0
BRF:13
BRH:0
end_of_record
TN:
SF:src\routes\recommendation.routes.js
FN:30,(anonymous_0)
FN:91,(anonymous_1)
FN:126,(anonymous_2)
FNF:3
FNH:0
FNDA:0,(anonymous_0)
FNDA:0,(anonymous_1)
FNDA:0,(anonymous_2)
DA:1,0
DA:6,0
DA:13,0
DA:15,0
DA:30,0
DA:31,0
DA:32,0
DA:35,0
DA:38,0
DA:39,0
DA:40,0
DA:43,0
DA:44,0
DA:45,0
DA:46,0
DA:51,0
DA:54,0
DA:62,0
DA:68,0
DA:81,0
DA:91,0
DA:92,0
DA:93,0
DA:96,0
DA:97,0
DA:98,0
DA:100,0
DA:106,0
DA:111,0
DA:118,0
DA:126,0
DA:127,0
DA:128,0
DA:130,0
DA:131,0
DA:134,0
DA:136,0
DA:137,0
DA:144,0
DA:150,0
DA:154,0
LF:41
LH:0
BRDA:44,0,0,0
BRDA:44,0,1,0
BRDA:45,1,0,0
BRDA:45,1,1,0
BRDA:45,2,0,0
BRDA:45,2,1,0
BRDA:45,2,2,0
BRDA:97,3,0,0
BRDA:97,3,1,0
BRDA:130,4,0,0
BRDA:130,4,1,0
BRDA:130,5,0,0
BRDA:130,5,1,0
BRDA:130,5,2,0
BRDA:136,6,0,0
BRDA:136,6,1,0
BRF:16
BRH:0
end_of_record
TN:
SF:src\services\hairstyleKnowledge.js
FNF:0
FNH:0
DA:7,0
DA:203,0
LF:2
LH:0
BRF:0
BRH:0
end_of_record
TN:
SF:src\services\ollamaChat.js
FN:41,chat
FN:59,chatStream
FN:81,buildContextMessage
FNF:3
FNH:0
FNDA:0,chat
FNDA:0,chatStream
FNDA:0,buildContextMessage
DA:1,0
DA:3,0
DA:7,0
DA:9,0
DA:42,0
DA:51,0
DA:60,0
DA:69,0
DA:70,0
DA:71,0
DA:72,0
DA:73,0
DA:75,0
DA:82,0
DA:84,0
DA:85,0
DA:86,0
DA:88,0
DA:89,0
DA:90,0
DA:91,0
DA:93,0
DA:94,0
DA:101,0
DA:102,0
DA:105,0
LF:26
LH:0
BRDA:4,0,0,0
BRDA:4,0,1,0
BRDA:7,1,0,0
BRDA:7,1,1,0
BRDA:71,2,0,0
BRDA:71,2,1,0
BRDA:84,3,0,0
BRDA:84,3,1,0
BRDA:84,4,0,0
BRDA:84,4,1,0
BRDA:88,5,0,0
BRDA:88,5,1,0
BRDA:89,6,0,0
BRDA:89,6,1,0
BRDA:90,7,0,0
BRDA:90,7,1,0
BRDA:91,8,0,0
BRDA:91,8,1,0
BRDA:93,9,0,0
BRDA:93,9,1,0
BRF:20
BRH:0
end_of_record
TN:
SF:src\services\recommendationEngine.js
FN:7,scoreHairstyle
FN:16,(anonymous_1)
FN:43,getAdjacentShapes
FN:59,getRecommendations
FN:64,(anonymous_4)
FN:68,(anonymous_5)
FN:69,(anonymous_6)
FN:74,(anonymous_7)
FN:76,(anonymous_8)
FN:81,(anonymous_9)
FN:86,(anonymous_10)
FN:96,getHairstyleById
FN:97,(anonymous_12)
FN:103,getAllHairstyles
FN:104,(anonymous_14)
FNF:15
FNH:0
FNDA:0,scoreHairstyle
FNDA:0,(anonymous_1)
FNDA:0,getAdjacentShapes
FNDA:0,getRecommendations
FNDA:0,(anonymous_4)
FNDA:0,(anonymous_5)
FNDA:0,(anonymous_6)
FNDA:0,(anonymous_7)
FNDA:0,(anonymous_8)
FNDA:0,(anonymous_9)
FNDA:0,(anonymous_10)
FNDA:0,getHairstyleById
FNDA:0,(anonymous_12)
FNDA:0,getAllHairstyles
FNDA:0,(anonymous_14)
DA:1,0
DA:8,0
DA:11,0
DA:12,0
DA:15,0
DA:16,0
DA:17,0
DA:19,0
DA:23,0
DA:24,0
DA:28,0
DA:29,0
DA:33,0
DA:34,0
DA:37,0
DA:44,0
DA:52,0
DA:60,0
DA:61,0
DA:64,0
DA:68,0
DA:69,0
DA:73,0
DA:74,0
DA:75,0
DA:77,0
DA:81,0
DA:82,0
DA:86,0
DA:97,0
DA:104,0
DA:105,0
DA:106,0
DA:107,0
DA:108,0
DA:112,0
LF:36
LH:0
BRDA:11,0,0,0
BRDA:11,0,1,0
BRDA:19,1,0,0
BRDA:19,1,1,0
BRDA:23,2,0,0
BRDA:23,2,1,0
BRDA:23,3,0,0
BRDA:23,3,1,0
BRDA:28,4,0,0
BRDA:28,4,1,0
BRDA:28,5,0,0
BRDA:28,5,1,0
BRDA:33,6,0,0
BRDA:33,6,1,0
BRDA:33,7,0,0
BRDA:33,7,1,0
BRDA:52,8,0,0
BRDA:52,8,1,0
BRDA:59,9,0,0
BRDA:60,10,0,0
BRDA:60,10,1,0
BRDA:73,11,0,0
BRDA:73,11,1,0
BRDA:77,12,0,0
BRDA:77,12,1,0
BRDA:97,13,0,0
BRDA:97,13,1,0
BRDA:103,14,0,0
BRDA:105,15,0,0
BRDA:105,15,1,0
BRDA:105,16,0,0
BRDA:105,16,1,0
BRDA:106,17,0,0
BRDA:106,17,1,0
BRDA:106,18,0,0
BRDA:106,18,1,0
BRDA:107,19,0,0
BRDA:107,19,1,0
BRDA:107,20,0,0
BRDA:107,20,1,0
BRF:40
BRH:0
end_of_record
TN:
SF:src\services\sidecarClient.js
FN:12,analyzeFace
FN:30,checkSidecarHealth
FN:38,getSupportedShapes
FNF:3
FNH:0
FNDA:0,analyzeFace
FNDA:0,checkSidecarHealth
FNDA:0,getSupportedShapes
DA:1,0
DA:2,0
DA:4,0
DA:13,0
DA:14,0
DA:19,0
DA:24,0
DA:31,0
DA:32,0
DA:39,0
DA:40,0
DA:43,0
LF:12
LH:0
BRDA:4,0,0,0
BRDA:4,0,1,0
BRDA:12,1,0,0
BRF:3
BRH:0
end_of_record
TN:
SF:src\utils\config.js
FN:8,validateConfig
FNF:1
FNH:0
FNDA:0,validateConfig
DA:6,0
DA:9,0
DA:20,0
DA:22,0
DA:23,0
DA:26,0
DA:27,0
DA:32,0
DA:33,0
DA:38,0
DA:39,0
DA:44,0
DA:45,0
DA:48,0
DA:51,0
DA:58,0
DA:61,0
LF:17
LH:0
BRDA:10,0,0,0
BRDA:10,0,1,0
BRDA:11,1,0,0
BRDA:11,1,1,0
BRDA:12,2,0,0
BRDA:12,2,1,0
BRDA:13,3,0,0
BRDA:13,3,1,0
BRDA:14,4,0,0
BRDA:14,4,1,0
BRDA:15,5,0,0
BRDA:15,5,1,0
BRDA:16,6,0,0
BRDA:16,6,1,0
BRDA:22,7,0,0
BRDA:22,7,1,0
BRDA:22,8,0,0
BRDA:22,8,1,0
BRDA:22,8,2,0
BRDA:26,9,0,0
BRDA:26,9,1,0
BRDA:32,10,0,0
BRDA:32,10,1,0
BRDA:38,11,0,0
BRDA:38,11,1,0
BRDA:44,12,0,0
BRDA:44,12,1,0
BRF:27
BRH:0
end_of_record
TN:
SF:src\utils\logger.js
FN:16,(anonymous_0)
FN:21,(anonymous_1)
FN:31,(anonymous_2)
FN:37,(anonymous_3)
FN:43,(anonymous_4)
FN:49,(anonymous_5)
FN:66,requestLoggingMiddleware
FN:82,(anonymous_7)
FNF:8
FNH:0
FNDA:0,(anonymous_0)
FNDA:0,(anonymous_1)
FNDA:0,(anonymous_2)
FNDA:0,(anonymous_3)
FNDA:0,(anonymous_4)
FNDA:0,(anonymous_5)
FNDA:0,requestLoggingMiddleware
FNDA:0,(anonymous_7)
DA:1,0
DA:8,0
DA:17,0
DA:18,0
DA:22,0
DA:32,0
DA:33,0
DA:38,0
DA:39,0
DA:44,0
DA:45,0
DA:50,0
DA:51,0
DA:52,0
DA:53,0
DA:54,0
DA:56,0
DA:61,0
DA:68,0
DA:69,0
DA:70,0
DA:72,0
DA:74,0
DA:82,0
DA:83,0
DA:84,0
DA:93,0
DA:96,0
LF:28
LH:0
BRDA:16,0,0,0
BRDA:18,1,0,0
BRDA:18,1,1,0
BRDA:21,2,0,0
BRDA:31,3,0,0
BRDA:32,4,0,0
BRDA:32,4,1,0
BRDA:37,5,0,0
BRDA:38,6,0,0
BRDA:38,6,1,0
BRDA:43,7,0,0
BRDA:44,8,0,0
BRDA:44,8,1,0
BRDA:49,9,0,0
BRDA:49,10,0,0
BRDA:50,11,0,0
BRDA:50,11,1,0
BRDA:52,12,0,0
BRDA:52,12,1,0
BRDA:68,13,0,0
BRDA:68,13,1,0
BRF:21
BRH:0
end_of_record
TN:
SF:src\utils\validation.js
FN:13,(anonymous_0)
FN:23,validateFaceShape
FN:44,validateHairType
FN:64,validateGender
FN:85,validateLifestyle
FN:105,validateImageFile
FN:127,validateChatMessage
FN:147,validateChatHistory
FN:158,(anonymous_8)
FNF:9
FNH:6
FNDA:12,(anonymous_0)
FNDA:4,validateFaceShape
FNDA:6,validateHairType
FNDA:5,validateGender
FNDA:0,validateLifestyle
FNDA:3,validateImageFile
FNDA:6,validateChatMessage
FNDA:0,validateChatHistory
FNDA:0,(anonymous_8)
DA:6,1
DA:7,1
DA:8,1
DA:9,1
DA:10,1
DA:14,12
DA:15,12
DA:16,12
DA:24,4
DA:25,2
DA:31,2
DA:32,2
DA:38,0
DA:45,6
DA:47,4
DA:48,0
DA:51,4
DA:52,1
DA:58,3
DA:65,5
DA:67,5
DA:68,0
DA:71,5
DA:72,5
DA:73,1
DA:79,4
DA:86,0
DA:88,0
DA:89,0
DA:92,0
DA:93,0
DA:99,0
DA:106,3
DA:107,0
DA:110,3
DA:111,1
DA:117,2
DA:118,1
DA:121,1
DA:128,6
DA:129,2
DA:132,4
DA:133,4
DA:134,1
DA:137,3
DA:138,1
DA:141,2
DA:148,0
DA:150,0
DA:151,0
DA:154,0
DA:155,0
DA:158,0
DA:159,0
DA:160,0
DA:167,0
DA:170,1
LF:57
LH:38
BRDA:13,0,0,0
BRDA:24,1,0,2
BRDA:24,1,1,2
BRDA:24,2,0,4
BRDA:24,2,1,2
BRDA:31,3,0,2
BRDA:31,3,1,0
BRDA:45,4,0,2
BRDA:45,4,1,4
BRDA:47,5,0,0
BRDA:47,5,1,4
BRDA:51,6,0,1
BRDA:51,6,1,3
BRDA:65,7,0,0
BRDA:65,7,1,5
BRDA:67,8,0,0
BRDA:67,8,1,5
BRDA:72,9,0,1
BRDA:72,9,1,4
BRDA:86,10,0,0
BRDA:86,10,1,0
BRDA:88,11,0,0
BRDA:88,11,1,0
BRDA:92,12,0,0
BRDA:92,12,1,0
BRDA:106,13,0,0
BRDA:106,13,1,3
BRDA:110,14,0,1
BRDA:110,14,1,2
BRDA:117,15,0,1
BRDA:117,15,1,1
BRDA:128,16,0,2
BRDA:128,16,1,4
BRDA:128,17,0,6
BRDA:128,17,1,4
BRDA:133,18,0,1
BRDA:133,18,1,3
BRDA:137,19,0,1
BRDA:137,19,1,2
BRDA:148,20,0,0
BRDA:148,20,1,0
BRDA:150,21,0,0
BRDA:150,21,1,0
BRDA:154,22,0,0
BRDA:154,22,1,0
BRDA:159,23,0,0
BRDA:159,23,1,0
BRDA:159,24,0,0
BRDA:159,24,1,0
BRF:49
BRH:27
end_of_record
